[debug] [2022-03-01T21:24:29.071Z] ----------------------------------------------------------------------
[debug] [2022-03-01T21:24:29.073Z] Command:       C:\Program Files (x86)\nodejs\node.exe C:\Users\Matias\AppData\Roaming\npm\node_modules\firebase-tools\lib\bin\firebase.js init hosting
[debug] [2022-03-01T21:24:29.073Z] CLI Version:   10.2.1
[debug] [2022-03-01T21:24:29.073Z] Platform:      win32
[debug] [2022-03-01T21:24:29.073Z] Node Version:  v16.2.0
[debug] [2022-03-01T21:24:29.074Z] Time:          Tue Mar 01 2022 18:24:29 GMT-0300 (hora estándar de Argentina)
[debug] [2022-03-01T21:24:29.074Z] ----------------------------------------------------------------------
[debug] 
[debug] [2022-03-01T21:24:29.080Z] > command requires scopes: ["email","openid","https://www.googleapis.com/auth/cloudplatformprojects.readonly","https://www.googleapis.com/auth/firebase","https://www.googleapis.com/auth/cloud-platform"]
[debug] [2022-03-01T21:24:29.080Z] > authorizing via signed-in user (matias.vesce@gmail.com)
[info] 
     ######## #### ########  ######## ########     ###     ######  ########
     ##        ##  ##     ## ##       ##     ##  ##   ##  ##       ##
     ######    ##  ########  ######   ########  #########  ######  ######
     ##        ##  ##    ##  ##       ##     ## ##     ##       ## ##
     ##       #### ##     ## ######## ########  ##     ##  ######  ########

You're about to initialize a Firebase project in this directory:

  C:\Users\Matias\Documents\React\product-hunt-next

[debug] [2022-03-01T21:26:29.382Z] ----------------------------------------------------------------------
[debug] [2022-03-01T21:26:29.384Z] Command:       C:\Program Files (x86)\nodejs\node.exe C:\Users\Matias\AppData\Roaming\npm\node_modules\firebase-tools\lib\bin\firebase.js init hosting
[debug] [2022-03-01T21:26:29.384Z] CLI Version:   10.2.1
[debug] [2022-03-01T21:26:29.384Z] Platform:      win32
[debug] [2022-03-01T21:26:29.384Z] Node Version:  v16.2.0
[debug] [2022-03-01T21:26:29.385Z] Time:          Tue Mar 01 2022 18:26:29 GMT-0300 (hora estándar de Argentina)
[debug] [2022-03-01T21:26:29.385Z] ----------------------------------------------------------------------
[debug] 
[debug] [2022-03-01T21:26:29.391Z] > command requires scopes: ["email","openid","https://www.googleapis.com/auth/cloudplatformprojects.readonly","https://www.googleapis.com/auth/firebase","https://www.googleapis.com/auth/cloud-platform"]
[debug] [2022-03-01T21:26:29.391Z] > authorizing via signed-in user (matias.vesce@gmail.com)
[info] 
     ######## #### ########  ######## ########     ###     ######  ########
     ##        ##  ##     ## ##       ##     ##  ##   ##  ##       ##
     ######    ##  ########  ######   ########  #########  ######  ######
     ##        ##  ##    ##  ##       ##     ## ##     ##       ## ##
     ##       #### ##     ## ######## ########  ##     ##  ######  ########

You're about to initialize a Firebase project in this directory:

  C:\Users\Matias\Documents\React\product-hunt-next

[info] 
=== Project Setup
[info] 
[info] First, let's associate this project directory with a Firebase project.
[info] You can create multiple project aliases by running firebase use --add, 
[info] but for now we'll just set up a default project.
[info] 
[debug] [2022-03-01T21:26:42.572Z] >>> [apiv2][query] GET https://firebase.googleapis.com/v1beta1/projects pageSize=100
[debug] [2022-03-01T21:26:43.697Z] <<< [apiv2][status] GET https://firebase.googleapis.com/v1beta1/projects 200
[debug] [2022-03-01T21:26:43.697Z] <<< [apiv2][body] GET https://firebase.googleapis.com/v1beta1/projects [omitted]
[info] i  Using project product-hunt-a007a (Product Hunt) 
[info] 
=== Hosting Setup
[info] 
[info] Your public directory is the folder (relative to your project directory) that
[info] will contain Hosting assets to be uploaded with firebase deploy. If you
[info] have a build process for your assets, use your build's output directory.
[info] 
[info] i  Skipping write of out/404.html 
[debug] [2022-03-01T21:29:12.649Z] >>> [apiv2][query] GET https://www.gstatic.com/firebasejs/releases.json [none]
[debug] [2022-03-01T21:29:12.792Z] <<< [apiv2][status] GET https://www.gstatic.com/firebasejs/releases.json 200
[debug] [2022-03-01T21:29:12.792Z] <<< [apiv2][body] GET https://www.gstatic.com/firebasejs/releases.json {"current":{"version":"9.6.7","browserURL":"https://www.gstatic.com/firebasejs/9.6.7/firebase.js","packageURL":"https://www.gstatic.com/firebasejs/9.6.7/firebase.tgz"},"live":{"version":"9.6","browserURL":"https://www.gstatic.com/firebasejs/live/9.6/firebase.js","packageURL":"https://www.gstatic.com/firebasejs/live/9.6/firebase.tgz"},"components":{"analytics":"https://www.gstatic.com/firebasejs/9.6.7/firebase-analytics.js","app":"https://www.gstatic.com/firebasejs/9.6.7/firebase-app.js","app-check":"https://www.gstatic.com/firebasejs/9.6.7/firebase-app-check.js","auth":"https://www.gstatic.com/firebasejs/9.6.7/firebase-auth.js","auth/cordova":"https://www.gstatic.com/firebasejs/9.6.7/firebase-auth/cordova.js","auth/react-native":"https://www.gstatic.com/firebasejs/9.6.7/firebase-auth/react-native.js","functions":"https://www.gstatic.com/firebasejs/9.6.7/firebase-functions.js","firestore":"https://www.gstatic.com/firebasejs/9.6.7/firebase-firestore.js","firestore/lite":"https://www.gstatic.com/firebasejs/9.6.7/firebase-firestore/lite.js","storage":"https://www.gstatic.com/firebasejs/9.6.7/firebase-storage.js","performance":"https://www.gstatic.com/firebasejs/9.6.7/firebase-performance.js","remote-config":"https://www.gstatic.com/firebasejs/9.6.7/firebase-remote-config.js","messaging":"https://www.gstatic.com/firebasejs/9.6.7/firebase-messaging.js","messaging/sw":"https://www.gstatic.com/firebasejs/9.6.7/firebase-messaging/sw.js","database":"https://www.gstatic.com/firebasejs/9.6.7/firebase-database.js","firestore.memory":"https://www.gstatic.com/firebasejs/9.6.7/firebase-firestore.memory.js"}}
[info] i  Skipping write of out/index.html 
[info] 
[info] i  Detected a .git folder at C:\Users\Matias\Documents\React\product-hunt-next 
[info] i  Authorizing with GitHub to upload your service account to a GitHub repository's secrets store. 
[info] 
[info] Visit this URL on this device to log in:
[info] https://github.com/login/oauth/authorize?client_id=89cf50f02ac6aaed3484&state=156150947&redirect_uri=http%3A%2F%2Flocalhost%3A9005&scope=read%3Auser%20repo%20public_repo
[info] 
[info] Waiting for authentication...
[debug] [2022-03-01T21:29:46.597Z] >>> HTTP REQUEST POST https://github.com/login/oauth/access_token  
 {"client_id":"89cf50f02ac6aaed3484","client_secret":"3330d14abc895d9a74d5f17cd7a00711fa2c5bf0","code":"a7dec8894115b6371d22","redirect_uri":"http://localhost:9005","state":"156150947"}
[debug] [2022-03-01T21:29:46.998Z] <<< HTTP RESPONSE 200 {"server":"GitHub.com","date":"Tue, 01 Mar 2022 21:29:46 GMT","content-type":"application/json; charset=utf-8","transfer-encoding":"chunked","vary":"X-PJAX, X-PJAX-Container, Accept-Encoding, Accept, X-Requested-With","permissions-policy":"interest-cohort=()","etag":"W/\"96e4c0f238db0492b158203101a5430a\"","cache-control":"max-age=0, private, must-revalidate","strict-transport-security":"max-age=31536000; includeSubdomains; preload","x-frame-options":"deny","x-content-type-options":"nosniff","x-xss-protection":"0","referrer-policy":"origin-when-cross-origin, strict-origin-when-cross-origin","expect-ct":"max-age=2592000, report-uri=\"https://api.github.com/_private/browser/errors\"","content-security-policy":"default-src 'none'; base-uri 'self'; block-all-mixed-content; child-src github.com/assets-cdn/worker/ gist.github.com/assets-cdn/worker/; connect-src 'self' uploads.github.com objects-origin.githubusercontent.com www.githubstatus.com collector.githubapp.com collector.github.com api.github.com github-cloud.s3.amazonaws.com github-production-repository-file-5c1aeb.s3.amazonaws.com github-production-upload-manifest-file-7fdce7.s3.amazonaws.com github-production-user-asset-6210df.s3.amazonaws.com cdn.optimizely.com logx.optimizely.com/v1/events translator.github.com wss://alive.github.com; font-src github.githubassets.com; form-action 'self' github.com gist.github.com objects-origin.githubusercontent.com; frame-ancestors 'none'; frame-src render.githubusercontent.com viewscreen.githubusercontent.com notebooks.githubusercontent.com; img-src 'self' data: github.githubassets.com identicons.github.com collector.githubapp.com collector.github.com github-cloud.s3.amazonaws.com secured-user-images.githubusercontent.com/ *.githubusercontent.com; manifest-src 'self'; media-src github.com user-images.githubusercontent.com/; script-src github.githubassets.com; style-src 'unsafe-inline' github.githubassets.com; worker-src github.com/assets-cdn/worker/ gist.github.com/assets-cdn/worker/","x-github-request-id":"FF0F:4793:1168EC:17DBC7:621E904A"}
[debug] [2022-03-01T21:29:47.008Z] >>> [apiv2][query] GET https://api.github.com/user [none]
[debug] [2022-03-01T21:29:47.381Z] <<< [apiv2][status] GET https://api.github.com/user 200
[debug] [2022-03-01T21:29:47.381Z] <<< [apiv2][body] GET https://api.github.com/user {"login":"mvesce","id":8550879,"node_id":"MDQ6VXNlcjg1NTA4Nzk=","avatar_url":"https://avatars.githubusercontent.com/u/8550879?v=4","gravatar_id":"","url":"https://api.github.com/users/mvesce","html_url":"https://github.com/mvesce","followers_url":"https://api.github.com/users/mvesce/followers","following_url":"https://api.github.com/users/mvesce/following{/other_user}","gists_url":"https://api.github.com/users/mvesce/gists{/gist_id}","starred_url":"https://api.github.com/users/mvesce/starred{/owner}{/repo}","subscriptions_url":"https://api.github.com/users/mvesce/subscriptions","organizations_url":"https://api.github.com/users/mvesce/orgs","repos_url":"https://api.github.com/users/mvesce/repos","events_url":"https://api.github.com/users/mvesce/events{/privacy}","received_events_url":"https://api.github.com/users/mvesce/received_events","type":"User","site_admin":false,"name":"Matías Vesce","company":null,"blog":"","location":null,"email":"matias.vesce@gmail.com","hireable":null,"bio":null,"twitter_username":null,"public_repos":9,"public_gists":0,"followers":0,"following":1,"created_at":"2014-08-25T23:35:10Z","updated_at":"2022-02-10T00:17:34Z","private_gists":0,"total_private_repos":2,"owned_private_repos":2,"disk_usage":6086,"collaborators":1,"two_factor_authentication":false,"plan":{"name":"free","space":976562499,"collaborators":0,"private_repos":10000}}
[info] 
[info] +  Success! Logged into GitHub as mvesce 
[info] 
